#-----------------------------------------------------------
# Vivado v2024.2.2 (64-bit)
# SW Build 6060944 on Thu Mar 06 19:10:01 MST 2025
# IP Build 6050500 on Thu Mar  6 23:33:39 MST 2025
# SharedData Build 6060542 on Thu Mar 06 10:31:07 MST 2025
# Start of session at: Sat Jun 27 19:12:06 2026
# Process ID         : 20344
# Current directory  : D:/RISCV/RISCV_NEW
# Command line       : vivado.exe -gui_launcher_event rodinguilauncherevent18544 D:\RISCV\RISCV_NEW\RISCV_NEW.xpr
# Log file           : D:/RISCV/RISCV_NEW/vivado.log
# Journal file       : D:/RISCV/RISCV_NEW\vivado.jou
# Running On         : MridhulPC
# Platform           : Windows Server 2016 or Windows 10
# Operating System   : 26200
# Processor Detail   : 12th Gen Intel(R) Core(TM) i5-1235U
# CPU Frequency      : 2496 MHz
# CPU Physical cores : 10
# CPU Logical cores  : 12
# Host memory        : 16832 MB
# Swap memory        : 1073 MB
# Total Virtual      : 17905 MB
# Available Virtual  : 9833 MB
#-----------------------------------------------------------
start_gui
open_project D:/RISCV/RISCV_NEW/RISCV_NEW.xpr
INFO: [filemgmt 56-3] Default IP Output Path : Could not find the directory 'D:/RISCV/RISCV_NEW/RISCV_NEW.gen/sources_1'.
Scanning sources...
Finished scanning sources
INFO: [IP_Flow 19-234] Refreshing IP repositories
INFO: [IP_Flow 19-1704] No user IP repositories specified
INFO: [IP_Flow 19-2313] Loaded Vivado IP repository 'C:/Users/Xilinx/Vivado/2024.2/data/ip'.
update_compile_order -fileset sources_1
update_compile_order -fileset sources_1
remove_files  {{D:/RISCV/RISCV_NEW/RISCV_NEW.srcs/sources_1/imports/RISC-V Cube/mmu.v}}
file delete -force {D:/RISCV/RISCV_NEW/RISCV_NEW.srcs/sources_1/imports/RISC-V Cube/mmu.v}
remove_files  {{D:/RISCV/RISCV_NEW/RISCV_NEW.srcs/sources_1/imports/RISC-V Cube/pipe64.v}}
file delete -force {D:/RISCV/RISCV_NEW/RISCV_NEW.srcs/sources_1/imports/RISC-V Cube/pipe64.v}
WARNING: [filemgmt 56-199] Attempt to get parsing info during refresh. "On-the-fly" syntax checking information may be incorrect. [D:\RISCV\RISCV_NEW\RISCV_NEW.srcs\sources_1\imports\RISC-V Cube\mmu.v:]
WARNING: [filemgmt 56-199] Attempt to get parsing info during refresh. "On-the-fly" syntax checking information may be incorrect. [D:\RISCV\RISCV_NEW\RISCV_NEW.srcs\sources_1\imports\RISC-V Cube\vector_datapath.v:]
WARNING: [filemgmt 56-199] Attempt to get parsing info during refresh. "On-the-fly" syntax checking information may be incorrect. [D:\RISCV\RISCV_NEW\RISCV_NEW.srcs\sources_1\imports\RISC-V Cube\top.v:]
WARNING: [filemgmt 56-199] Attempt to get parsing info during refresh. "On-the-fly" syntax checking information may be incorrect. [D:\RISCV\RISCV_NEW\RISCV_NEW.srcs\sources_1\imports\RISC-V Cube\top.v:]
WARNING: [filemgmt 56-199] Attempt to get parsing info during refresh. "On-the-fly" syntax checking information may be incorrect. [D:\RISCV\RISCV_NEW\RISCV_NEW.srcs\sources_1\imports\RISC-V Cube\top.v:]
ERROR: [Common 17-180] Spawn failed: No such file or directory
WARNING: [filemgmt 56-199] Attempt to get parsing info during refresh. "On-the-fly" syntax checking information may be incorrect. [D:\RISCV\RISCV_NEW\RISCV_NEW.srcs\sources_1\imports\RISC-V Cube\mmu.v:]
WARNING: [filemgmt 56-199] Attempt to get parsing info during refresh. "On-the-fly" syntax checking information may be incorrect. [D:\RISCV\RISCV_NEW\RISCV_NEW.srcs\sources_1\imports\RISC-V Cube\vector_datapath.v:]
WARNING: [filemgmt 56-199] Attempt to get parsing info during refresh. "On-the-fly" syntax checking information may be incorrect. [D:\RISCV\RISCV_NEW\RISCV_NEW.srcs\sources_1\imports\RISC-V Cube\top.v:]
WARNING: [filemgmt 56-199] Attempt to get parsing info during refresh. "On-the-fly" syntax checking information may be incorrect. [D:\RISCV\RISCV_NEW\RISCV_NEW.srcs\sources_1\imports\RISC-V Cube\vector_datapath.v:]
WARNING: [filemgmt 56-199] Attempt to get parsing info during refresh. "On-the-fly" syntax checking information may be incorrect. [D:\RISCV\RISCV_NEW\RISCV_NEW.srcs\sources_1\imports\RISC-V Cube\vector_datapath.v:]
ERROR: [Common 17-180] Spawn failed: No such file or directory
WARNING: [filemgmt 56-199] Attempt to get parsing info during refresh. "On-the-fly" syntax checking information may be incorrect. [D:\RISCV\RISCV_NEW\RISCV_NEW.srcs\sources_1\imports\RISC-V Cube\mmu.v:]
WARNING: [filemgmt 56-199] Attempt to get parsing info during refresh. "On-the-fly" syntax checking information may be incorrect. [D:\RISCV\RISCV_NEW\RISCV_NEW.srcs\sources_1\imports\RISC-V Cube\vector_datapath.v:]
WARNING: [filemgmt 56-199] Attempt to get parsing info during refresh. "On-the-fly" syntax checking information may be incorrect. [D:\RISCV\RISCV_NEW\RISCV_NEW.srcs\sources_1\imports\RISC-V Cube\top.v:]
WARNING: [filemgmt 56-199] Attempt to get parsing info during refresh. "On-the-fly" syntax checking information may be incorrect. [D:\RISCV\RISCV_NEW\RISCV_NEW.srcs\sources_1\imports\RISC-V Cube\vector_datapath.v:]
WARNING: [filemgmt 56-199] Attempt to get parsing info during refresh. "On-the-fly" syntax checking information may be incorrect. [D:\RISCV\RISCV_NEW\RISCV_NEW.srcs\sources_1\imports\RISC-V Cube\vector_datapath.v:]
ERROR: [Common 17-180] Spawn failed: No such file or directory
exit
INFO: [Common 17-206] Exiting Vivado at Sat Jun 27 19:48:20 2026...
