INFO: [VRFC 10-2263] Analyzing Verilog file "/home/l210/work/ec23b1029/RISCV_PROJECT/RISCV_NEW.srcs/sources_1/imports/RISC-V Cube/datMemory.v" into library xil_defaultlib
INFO: [VRFC 10-311] analyzing module datMemory
INFO: [VRFC 10-2263] Analyzing Verilog file "/home/l210/work/ec23b1029/RISCV_PROJECT/RISCV_NEW.srcs/sources_1/imports/RISC-V Cube/jump.v" into library xil_defaultlib
INFO: [VRFC 10-311] analyzing module jump
WARNING: [VRFC 10-1315] redeclaration of ansi port brEQ is not allowed [/home/l210/work/ec23b1029/RISCV_PROJECT/RISCV_NEW.srcs/sources_1/imports/RISC-V Cube/jump.v:14]
WARNING: [VRFC 10-1315] redeclaration of ansi port brLT is not allowed [/home/l210/work/ec23b1029/RISCV_PROJECT/RISCV_NEW.srcs/sources_1/imports/RISC-V Cube/jump.v:15]
WARNING: [VRFC 10-1315] redeclaration of ansi port brGE is not allowed [/home/l210/work/ec23b1029/RISCV_PROJECT/RISCV_NEW.srcs/sources_1/imports/RISC-V Cube/jump.v:16]
INFO: [VRFC 10-2263] Analyzing Verilog file "/home/l210/work/ec23b1029/RISCV_PROJECT/RISCV_NEW.srcs/sources_1/imports/RISC-V Cube/add4_v.v" into library xil_defaultlib
INFO: [VRFC 10-311] analyzing module add4_v
INFO: [VRFC 10-2263] Analyzing Verilog file "/home/l210/work/ec23b1029/RISCV_PROJECT/RISCV_NEW.srcs/sources_1/imports/RISC-V Cube/alu.v" into library xil_defaultlib
INFO: [VRFC 10-311] analyzing module alu
INFO: [VRFC 10-2263] Analyzing Verilog file "/home/l210/work/ec23b1029/RISCV_PROJECT/RISCV_NEW.srcs/sources_1/imports/RISC-V Cube/immGen.v" into library xil_defaultlib
INFO: [VRFC 10-311] analyzing module immGen
WARNING: [VRFC 10-1315] redeclaration of ansi port dataOut is not allowed [/home/l210/work/ec23b1029/RISCV_PROJECT/RISCV_NEW.srcs/sources_1/imports/RISC-V Cube/immGen.v:27]
INFO: [VRFC 10-2263] Analyzing Verilog file "/home/l210/work/ec23b1029/RISCV_PROJECT/RISCV_NEW.srcs/sources_1/imports/RISC-V Cube/insMemory.v" into library xil_defaultlib
INFO: [VRFC 10-311] analyzing module insMemory
INFO: [VRFC 10-2263] Analyzing Verilog file "/home/l210/work/ec23b1029/RISCV_PROJECT/RISCV_NEW.srcs/sources_1/imports/RISC-V Cube/MUX.v" into library xil_defaultlib
INFO: [VRFC 10-311] analyzing module MUX2x1
WARNING: [VRFC 10-1315] redeclaration of ansi port out is not allowed [/home/l210/work/ec23b1029/RISCV_PROJECT/RISCV_NEW.srcs/sources_1/imports/RISC-V Cube/MUX.v:10]
INFO: [VRFC 10-311] analyzing module MUX2x1_v
WARNING: [VRFC 10-1315] redeclaration of ansi port out is not allowed [/home/l210/work/ec23b1029/RISCV_PROJECT/RISCV_NEW.srcs/sources_1/imports/RISC-V Cube/MUX.v:28]
INFO: [VRFC 10-311] analyzing module MUX4x1
WARNING: [VRFC 10-1315] redeclaration of ansi port out is not allowed [/home/l210/work/ec23b1029/RISCV_PROJECT/RISCV_NEW.srcs/sources_1/imports/RISC-V Cube/MUX.v:48]
INFO: [VRFC 10-2263] Analyzing Verilog file "/home/l210/work/ec23b1029/RISCV_PROJECT/RISCV_NEW.srcs/sources_1/imports/RISC-V Cube/regFile.v" into library xil_defaultlib
INFO: [VRFC 10-311] analyzing module regFile
INFO: [VRFC 10-311] analyzing module deCode
INFO: [VRFC 10-311] analyzing module regSel
INFO: [VRFC 10-2263] Analyzing Verilog file "/home/l210/work/ec23b1029/RISCV_PROJECT/RISCV_NEW.srcs/sources_1/imports/RISC-V Cube/progCount.v" into library xil_defaultlib
INFO: [VRFC 10-311] analyzing module progCount
WARNING: [VRFC 10-1315] redeclaration of ansi port progCnt is not allowed [/home/l210/work/ec23b1029/RISCV_PROJECT/RISCV_NEW.srcs/sources_1/imports/RISC-V Cube/progCount.v:29]
INFO: [VRFC 10-2263] Analyzing Verilog file "/home/l210/work/ec23b1029/RISCV_PROJECT/RISCV_NEW.srcs/sources_1/new/mem_arbiter.v" into library xil_defaultlib
INFO: [VRFC 10-311] analyzing module mem_arbiter
INFO: [VRFC 10-2263] Analyzing Verilog file "/home/l210/work/ec23b1029/RISCV_PROJECT/RISCV_NEW.srcs/sources_1/imports/RISC-V Cube/datapath.v" into library xil_defaultlib
INFO: [VRFC 10-311] analyzing module datapath
WARNING: [VRFC 10-1315] redeclaration of ansi port inst is not allowed [/home/l210/work/ec23b1029/RISCV_PROJECT/RISCV_NEW.srcs/sources_1/imports/RISC-V Cube/datapath.v:43]
WARNING: [VRFC 10-1315] redeclaration of ansi port brEQ is not allowed [/home/l210/work/ec23b1029/RISCV_PROJECT/RISCV_NEW.srcs/sources_1/imports/RISC-V Cube/datapath.v:44]
WARNING: [VRFC 10-1315] redeclaration of ansi port brLT is not allowed [/home/l210/work/ec23b1029/RISCV_PROJECT/RISCV_NEW.srcs/sources_1/imports/RISC-V Cube/datapath.v:45]
WARNING: [VRFC 10-1315] redeclaration of ansi port brGE is not allowed [/home/l210/work/ec23b1029/RISCV_PROJECT/RISCV_NEW.srcs/sources_1/imports/RISC-V Cube/datapath.v:46]
INFO: [VRFC 10-2263] Analyzing Verilog file "/home/l210/work/ec23b1029/RISCV_PROJECT/RISCV_NEW.srcs/sources_1/imports/RISC-V Cube/ctrlLogic.v" into library xil_defaultlib
INFO: [VRFC 10-311] analyzing module ctrlLogic
INFO: [VRFC 10-2263] Analyzing Verilog file "/home/l210/work/ec23b1029/RISCV_PROJECT/RISCV_NEW.srcs/sources_1/imports/RISC-V Cube/top.v" into library xil_defaultlib
INFO: [VRFC 10-311] analyzing module add4_v
WARNING: [VRFC 10-1195] overwriting previous definition of module add4_v [/home/l210/work/ec23b1029/RISCV_PROJECT/RISCV_NEW.srcs/sources_1/imports/RISC-V Cube/add4_v.v:20]
INFO: [VRFC 10-311] analyzing module alu
WARNING: [VRFC 10-1195] overwriting previous definition of module alu [/home/l210/work/ec23b1029/RISCV_PROJECT/RISCV_NEW.srcs/sources_1/imports/RISC-V Cube/alu.v:22]
INFO: [VRFC 10-311] analyzing module ctrlLogic
WARNING: [VRFC 10-1195] overwriting previous definition of module ctrlLogic [/home/l210/work/ec23b1029/RISCV_PROJECT/RISCV_NEW.srcs/sources_1/imports/RISC-V Cube/ctrlLogic.v:21]
INFO: [VRFC 10-311] analyzing module jump
WARNING: [VRFC 10-1315] redeclaration of ansi port brEQ is not allowed [/home/l210/work/ec23b1029/RISCV_PROJECT/RISCV_NEW.srcs/sources_1/imports/RISC-V Cube/jump.v:14]
WARNING: [VRFC 10-1315] redeclaration of ansi port brLT is not allowed [/home/l210/work/ec23b1029/RISCV_PROJECT/RISCV_NEW.srcs/sources_1/imports/RISC-V Cube/jump.v:15]
WARNING: [VRFC 10-1315] redeclaration of ansi port brGE is not allowed [/home/l210/work/ec23b1029/RISCV_PROJECT/RISCV_NEW.srcs/sources_1/imports/RISC-V Cube/jump.v:16]
WARNING: [VRFC 10-1195] overwriting previous definition of module jump [/home/l210/work/ec23b1029/RISCV_PROJECT/RISCV_NEW.srcs/sources_1/imports/RISC-V Cube/jump.v:2]
INFO: [VRFC 10-311] analyzing module datapath
WARNING: [VRFC 10-1315] redeclaration of ansi port inst is not allowed [/home/l210/work/ec23b1029/RISCV_PROJECT/RISCV_NEW.srcs/sources_1/imports/RISC-V Cube/datapath.v:43]
WARNING: [VRFC 10-1315] redeclaration of ansi port brEQ is not allowed [/home/l210/work/ec23b1029/RISCV_PROJECT/RISCV_NEW.srcs/sources_1/imports/RISC-V Cube/datapath.v:44]
WARNING: [VRFC 10-1315] redeclaration of ansi port brLT is not allowed [/home/l210/work/ec23b1029/RISCV_PROJECT/RISCV_NEW.srcs/sources_1/imports/RISC-V Cube/datapath.v:45]
WARNING: [VRFC 10-1315] redeclaration of ansi port brGE is not allowed [/home/l210/work/ec23b1029/RISCV_PROJECT/RISCV_NEW.srcs/sources_1/imports/RISC-V Cube/datapath.v:46]
WARNING: [VRFC 10-1195] overwriting previous definition of module datapath [/home/l210/work/ec23b1029/RISCV_PROJECT/RISCV_NEW.srcs/sources_1/imports/RISC-V Cube/datapath.v:18]
INFO: [VRFC 10-311] analyzing module datMemory
WARNING: [VRFC 10-1195] overwriting previous definition of module datMemory [/home/l210/work/ec23b1029/RISCV_PROJECT/RISCV_NEW.srcs/sources_1/imports/RISC-V Cube/datMemory.v:6]
INFO: [VRFC 10-311] analyzing module immGen
WARNING: [VRFC 10-1315] redeclaration of ansi port dataOut is not allowed [/home/l210/work/ec23b1029/RISCV_PROJECT/RISCV_NEW.srcs/sources_1/imports/RISC-V Cube/immGen.v:27]
WARNING: [VRFC 10-1195] overwriting previous definition of module immGen [/home/l210/work/ec23b1029/RISCV_PROJECT/RISCV_NEW.srcs/sources_1/imports/RISC-V Cube/immGen.v:18]
INFO: [VRFC 10-311] analyzing module insMemory
WARNING: [VRFC 10-1195] overwriting previous definition of module insMemory [/home/l210/work/ec23b1029/RISCV_PROJECT/RISCV_NEW.srcs/sources_1/imports/RISC-V Cube/insMemory.v:3]
INFO: [VRFC 10-311] analyzing module MUX2x1
WARNING: [VRFC 10-1315] redeclaration of ansi port out is not allowed [/home/l210/work/ec23b1029/RISCV_PROJECT/RISCV_NEW.srcs/sources_1/imports/RISC-V Cube/MUX.v:10]
WARNING: [VRFC 10-1195] overwriting previous definition of module MUX2x1 [/home/l210/work/ec23b1029/RISCV_PROJECT/RISCV_NEW.srcs/sources_1/imports/RISC-V Cube/MUX.v:2]
INFO: [VRFC 10-311] analyzing module MUX2x1_v
WARNING: [VRFC 10-1315] redeclaration of ansi port out is not allowed [/home/l210/work/ec23b1029/RISCV_PROJECT/RISCV_NEW.srcs/sources_1/imports/RISC-V Cube/MUX.v:28]
WARNING: [VRFC 10-1195] overwriting previous definition of module MUX2x1_v [/home/l210/work/ec23b1029/RISCV_PROJECT/RISCV_NEW.srcs/sources_1/imports/RISC-V Cube/MUX.v:20]
INFO: [VRFC 10-311] analyzing module MUX4x1
WARNING: [VRFC 10-1315] redeclaration of ansi port out is not allowed [/home/l210/work/ec23b1029/RISCV_PROJECT/RISCV_NEW.srcs/sources_1/imports/RISC-V Cube/MUX.v:48]
WARNING: [VRFC 10-1195] overwriting previous definition of module MUX4x1 [/home/l210/work/ec23b1029/RISCV_PROJECT/RISCV_NEW.srcs/sources_1/imports/RISC-V Cube/MUX.v:38]
INFO: [VRFC 10-311] analyzing module progCount
WARNING: [VRFC 10-1315] redeclaration of ansi port progCnt is not allowed [/home/l210/work/ec23b1029/RISCV_PROJECT/RISCV_NEW.srcs/sources_1/imports/RISC-V Cube/progCount.v:29]
WARNING: [VRFC 10-1195] overwriting previous definition of module progCount [/home/l210/work/ec23b1029/RISCV_PROJECT/RISCV_NEW.srcs/sources_1/imports/RISC-V Cube/progCount.v:21]
INFO: [VRFC 10-311] analyzing module regFile
WARNING: [VRFC 10-1195] overwriting previous definition of module regFile [/home/l210/work/ec23b1029/RISCV_PROJECT/RISCV_NEW.srcs/sources_1/imports/RISC-V Cube/regFile.v:25]
INFO: [VRFC 10-311] analyzing module deCode
WARNING: [VRFC 10-1195] overwriting previous definition of module deCode [/home/l210/work/ec23b1029/RISCV_PROJECT/RISCV_NEW.srcs/sources_1/imports/RISC-V Cube/regFile.v:254]
INFO: [VRFC 10-311] analyzing module regSel
WARNING: [VRFC 10-1195] overwriting previous definition of module regSel [/home/l210/work/ec23b1029/RISCV_PROJECT/RISCV_NEW.srcs/sources_1/imports/RISC-V Cube/regFile.v:300]
INFO: [VRFC 10-311] analyzing module vreg_addr_input
INFO: [VRFC 10-311] analyzing module accelerator
INFO: [VRFC 10-311] analyzing module vregFile
INFO: [VRFC 10-311] analyzing module fdlogic
INFO: [VRFC 10-311] analyzing module wblogic
INFO: [VRFC 10-311] analyzing module m21
INFO: [VRFC 10-311] analyzing module vector_decoder
INFO: [VRFC 10-311] analyzing module vector_controller
INFO: [VRFC 10-311] analyzing module config_unit
INFO: [VRFC 10-311] analyzing module vlsu
INFO: [VRFC 10-311] analyzing module mem_arbiter
WARNING: [VRFC 10-1195] overwriting previous definition of module mem_arbiter [/home/l210/work/ec23b1029/RISCV_PROJECT/RISCV_NEW.srcs/sources_1/imports/RISC-V Cube/../../new/mem_arbiter.v:5]
INFO: [VRFC 10-311] analyzing module top
INFO: [VRFC 10-2458] undeclared symbol memRW_mat, assumed default net type wire [/home/l210/work/ec23b1029/RISCV_PROJECT/RISCV_NEW.srcs/sources_1/imports/RISC-V Cube/top.v:154]
INFO: [VRFC 10-2263] Analyzing Verilog file "/home/l210/work/ec23b1029/RISCV_PROJECT/RISCV_NEW.srcs/sources_1/imports/RISC-V Cube/vector_datapath.v" into library xil_defaultlib
INFO: [VRFC 10-311] analyzing module vector_datapath
INFO: [VRFC 10-2263] Analyzing Verilog file "/home/l210/work/ec23b1029/RISCV_PROJECT/ec23b1029/ec23b1029.srcs/sim_1/new/tb_top.v" into library xil_defaultlib
INFO: [VRFC 10-311] analyzing module tb_top
INFO: [VRFC 10-2263] Analyzing Verilog file "/home/l210/work/ec23b1029/RISCV_PROJECT/ec23b1029/ec23b1029.sim/sim_1/behav/glbl.v" into library xil_defaultlib
INFO: [VRFC 10-311] analyzing module glbl
