INFO: [VRFC 10-2263] Analyzing Verilog file "/home/l210/work/ec23b1029/RISCV_PROJECT/RISCV_NEW.srcs/sources_1/imports/RISC-V Cube/dct_stage4.v" into library xil_defaultlib
INFO: [VRFC 10-311] analyzing module dct_stage4
INFO: [VRFC 10-2263] Analyzing Verilog file "/home/l210/work/ec23b1029/RISCV_PROJECT/RISCV_NEW.srcs/sources_1/imports/RISC-V Cube/dct_stage3.v" into library xil_defaultlib
INFO: [VRFC 10-311] analyzing module dct_stage3
INFO: [VRFC 10-2458] undeclared symbol t0, assumed default net type wire [/home/l210/work/ec23b1029/RISCV_PROJECT/RISCV_NEW.srcs/sources_1/imports/RISC-V Cube/dct_stage3.v:19]
INFO: [VRFC 10-2458] undeclared symbol t1, assumed default net type wire [/home/l210/work/ec23b1029/RISCV_PROJECT/RISCV_NEW.srcs/sources_1/imports/RISC-V Cube/dct_stage3.v:20]
INFO: [VRFC 10-2458] undeclared symbol t2, assumed default net type wire [/home/l210/work/ec23b1029/RISCV_PROJECT/RISCV_NEW.srcs/sources_1/imports/RISC-V Cube/dct_stage3.v:21]
INFO: [VRFC 10-2458] undeclared symbol t3, assumed default net type wire [/home/l210/work/ec23b1029/RISCV_PROJECT/RISCV_NEW.srcs/sources_1/imports/RISC-V Cube/dct_stage3.v:22]
INFO: [VRFC 10-2263] Analyzing Verilog file "/home/l210/work/ec23b1029/RISCV_PROJECT/RISCV_NEW.srcs/sources_1/imports/RISC-V Cube/dct_stage1.v" into library xil_defaultlib
INFO: [VRFC 10-311] analyzing module dct_stage1
INFO: [VRFC 10-2263] Analyzing Verilog file "/home/l210/work/ec23b1029/RISCV_PROJECT/RISCV_NEW.srcs/sources_1/imports/RISC-V Cube/dct_satge2.v" into library xil_defaultlib
INFO: [VRFC 10-311] analyzing module dct_stage2
INFO: [VRFC 10-2263] Analyzing Verilog file "/home/l210/work/ec23b1029/RISCV_PROJECT/RISCV_NEW.srcs/sources_1/imports/RISC-V Cube/MUX.v" into library xil_defaultlib
INFO: [VRFC 10-311] analyzing module MUX2x1
WARNING: [VRFC 10-1315] redeclaration of ansi port out is not allowed [/home/l210/work/ec23b1029/RISCV_PROJECT/RISCV_NEW.srcs/sources_1/imports/RISC-V Cube/MUX.v:10]
INFO: [VRFC 10-311] analyzing module MUX2x1_v
WARNING: [VRFC 10-1315] redeclaration of ansi port out is not allowed [/home/l210/work/ec23b1029/RISCV_PROJECT/RISCV_NEW.srcs/sources_1/imports/RISC-V Cube/MUX.v:28]
INFO: [VRFC 10-311] analyzing module MUX4x1
WARNING: [VRFC 10-1315] redeclaration of ansi port out is not allowed [/home/l210/work/ec23b1029/RISCV_PROJECT/RISCV_NEW.srcs/sources_1/imports/RISC-V Cube/MUX.v:48]
INFO: [VRFC 10-2263] Analyzing Verilog file "/home/l210/work/ec23b1029/RISCV_PROJECT/RISCV_NEW.srcs/sources_1/imports/RISC-V Cube/top.v" into library xil_defaultlib
INFO: [VRFC 10-311] analyzing module add4_v
INFO: [VRFC 10-311] analyzing module alu
INFO: [VRFC 10-311] analyzing module ctrlLogic
INFO: [VRFC 10-311] analyzing module jump
WARNING: [VRFC 10-1315] redeclaration of ansi port brEQ is not allowed [/home/l210/work/ec23b1029/RISCV_PROJECT/RISCV_NEW.srcs/sources_1/imports/RISC-V Cube/jump.v:14]
WARNING: [VRFC 10-1315] redeclaration of ansi port brLT is not allowed [/home/l210/work/ec23b1029/RISCV_PROJECT/RISCV_NEW.srcs/sources_1/imports/RISC-V Cube/jump.v:15]
WARNING: [VRFC 10-1315] redeclaration of ansi port brGE is not allowed [/home/l210/work/ec23b1029/RISCV_PROJECT/RISCV_NEW.srcs/sources_1/imports/RISC-V Cube/jump.v:16]
INFO: [VRFC 10-311] analyzing module datapath
WARNING: [VRFC 10-1315] redeclaration of ansi port inst is not allowed [/home/l210/work/ec23b1029/RISCV_PROJECT/RISCV_NEW.srcs/sources_1/imports/RISC-V Cube/datapath.v:63]
WARNING: [VRFC 10-1315] redeclaration of ansi port brEQ is not allowed [/home/l210/work/ec23b1029/RISCV_PROJECT/RISCV_NEW.srcs/sources_1/imports/RISC-V Cube/datapath.v:64]
WARNING: [VRFC 10-1315] redeclaration of ansi port brLT is not allowed [/home/l210/work/ec23b1029/RISCV_PROJECT/RISCV_NEW.srcs/sources_1/imports/RISC-V Cube/datapath.v:65]
WARNING: [VRFC 10-1315] redeclaration of ansi port brGE is not allowed [/home/l210/work/ec23b1029/RISCV_PROJECT/RISCV_NEW.srcs/sources_1/imports/RISC-V Cube/datapath.v:66]
WARNING: [VRFC 10-1315] redeclaration of ansi port pcUpd_1 is not allowed [/home/l210/work/ec23b1029/RISCV_PROJECT/RISCV_NEW.srcs/sources_1/imports/RISC-V Cube/datapath.v:76]
WARNING: [VRFC 10-1315] redeclaration of ansi port progCnt_1 is not allowed [/home/l210/work/ec23b1029/RISCV_PROJECT/RISCV_NEW.srcs/sources_1/imports/RISC-V Cube/datapath.v:77]
WARNING: [VRFC 10-1315] redeclaration of ansi port immData_1 is not allowed [/home/l210/work/ec23b1029/RISCV_PROJECT/RISCV_NEW.srcs/sources_1/imports/RISC-V Cube/datapath.v:78]
WARNING: [VRFC 10-1315] redeclaration of ansi port regData1_1 is not allowed [/home/l210/work/ec23b1029/RISCV_PROJECT/RISCV_NEW.srcs/sources_1/imports/RISC-V Cube/datapath.v:79]
WARNING: [VRFC 10-1315] redeclaration of ansi port regData2_1 is not allowed [/home/l210/work/ec23b1029/RISCV_PROJECT/RISCV_NEW.srcs/sources_1/imports/RISC-V Cube/datapath.v:80]
WARNING: [VRFC 10-1315] redeclaration of ansi port aluIn1_1 is not allowed [/home/l210/work/ec23b1029/RISCV_PROJECT/RISCV_NEW.srcs/sources_1/imports/RISC-V Cube/datapath.v:81]
WARNING: [VRFC 10-1315] redeclaration of ansi port aluIn2_1 is not allowed [/home/l210/work/ec23b1029/RISCV_PROJECT/RISCV_NEW.srcs/sources_1/imports/RISC-V Cube/datapath.v:82]
WARNING: [VRFC 10-1315] redeclaration of ansi port aluOut_1 is not allowed [/home/l210/work/ec23b1029/RISCV_PROJECT/RISCV_NEW.srcs/sources_1/imports/RISC-V Cube/datapath.v:83]
WARNING: [VRFC 10-1315] redeclaration of ansi port datOut_1 is not allowed [/home/l210/work/ec23b1029/RISCV_PROJECT/RISCV_NEW.srcs/sources_1/imports/RISC-V Cube/datapath.v:84]
WARNING: [VRFC 10-1315] redeclaration of ansi port retOut_1 is not allowed [/home/l210/work/ec23b1029/RISCV_PROJECT/RISCV_NEW.srcs/sources_1/imports/RISC-V Cube/datapath.v:85]
WARNING: [VRFC 10-1315] redeclaration of ansi port progAdd_1 is not allowed [/home/l210/work/ec23b1029/RISCV_PROJECT/RISCV_NEW.srcs/sources_1/imports/RISC-V Cube/datapath.v:86]
INFO: [VRFC 10-311] analyzing module datMemory
INFO: [VRFC 10-311] analyzing module immGen
WARNING: [VRFC 10-1315] redeclaration of ansi port dataOut is not allowed [/home/l210/work/ec23b1029/RISCV_PROJECT/RISCV_NEW.srcs/sources_1/imports/RISC-V Cube/immGen.v:27]
INFO: [VRFC 10-311] analyzing module insMemory
INFO: [VRFC 10-311] analyzing module MUX2x1
WARNING: [VRFC 10-1315] redeclaration of ansi port out is not allowed [/home/l210/work/ec23b1029/RISCV_PROJECT/RISCV_NEW.srcs/sources_1/imports/RISC-V Cube/MUX.v:10]
WARNING: [VRFC 10-1195] overwriting previous definition of module MUX2x1 [/home/l210/work/ec23b1029/RISCV_PROJECT/RISCV_NEW.srcs/sources_1/imports/RISC-V Cube/MUX.v:2]
INFO: [VRFC 10-311] analyzing module MUX2x1_v
WARNING: [VRFC 10-1315] redeclaration of ansi port out is not allowed [/home/l210/work/ec23b1029/RISCV_PROJECT/RISCV_NEW.srcs/sources_1/imports/RISC-V Cube/MUX.v:28]
WARNING: [VRFC 10-1195] overwriting previous definition of module MUX2x1_v [/home/l210/work/ec23b1029/RISCV_PROJECT/RISCV_NEW.srcs/sources_1/imports/RISC-V Cube/MUX.v:20]
INFO: [VRFC 10-311] analyzing module MUX4x1
WARNING: [VRFC 10-1315] redeclaration of ansi port out is not allowed [/home/l210/work/ec23b1029/RISCV_PROJECT/RISCV_NEW.srcs/sources_1/imports/RISC-V Cube/MUX.v:48]
WARNING: [VRFC 10-1195] overwriting previous definition of module MUX4x1 [/home/l210/work/ec23b1029/RISCV_PROJECT/RISCV_NEW.srcs/sources_1/imports/RISC-V Cube/MUX.v:38]
INFO: [VRFC 10-311] analyzing module progCount
WARNING: [VRFC 10-1315] redeclaration of ansi port progCnt is not allowed [/home/l210/work/ec23b1029/RISCV_PROJECT/RISCV_NEW.srcs/sources_1/imports/RISC-V Cube/progCount.v:29]
INFO: [VRFC 10-311] analyzing module regFile
INFO: [VRFC 10-311] analyzing module deCode
INFO: [VRFC 10-311] analyzing module regSel
INFO: [VRFC 10-311] analyzing module vreg_addr_input
INFO: [VRFC 10-311] analyzing module accelerator
INFO: [VRFC 10-311] analyzing module vregFile
INFO: [VRFC 10-311] analyzing module fdlogic
INFO: [VRFC 10-311] analyzing module wblogic
INFO: [VRFC 10-311] analyzing module m21
INFO: [VRFC 10-311] analyzing module vector_decoder
INFO: [VRFC 10-311] analyzing module vector_controller
INFO: [VRFC 10-311] analyzing module config_unit
INFO: [VRFC 10-311] analyzing module vlsu
INFO: [VRFC 10-311] analyzing module mem_arbiter
INFO: [VRFC 10-311] analyzing module top
INFO: [VRFC 10-2458] undeclared symbol stall_scalar, assumed default net type wire [/home/l210/work/ec23b1029/RISCV_PROJECT/RISCV_NEW.srcs/sources_1/imports/RISC-V Cube/top.v:192]
INFO: [VRFC 10-2263] Analyzing Verilog file "/home/l210/work/ec23b1029/RISCV_PROJECT/RISCV_NEW.srcs/sources_1/imports/RISC-V Cube/vector_datapath.v" into library xil_defaultlib
INFO: [VRFC 10-311] analyzing module vector_datapath
INFO: [VRFC 10-2458] undeclared symbol vrf_w_en1, assumed default net type wire [/home/l210/work/ec23b1029/RISCV_PROJECT/RISCV_NEW.srcs/sources_1/imports/RISC-V Cube/vector_datapath.v:77]
INFO: [VRFC 10-2263] Analyzing Verilog file "/home/l210/work/ec23b1029/RISCV_PROJECT/RISCV_NEW.srcs/sources_1/new/vector_datapath_tb.v" into library xil_defaultlib
INFO: [VRFC 10-311] analyzing module tb_vector_datapath
INFO: [VRFC 10-2263] Analyzing Verilog file "/home/l210/work/ec23b1029/ec23b1029/ec23b1029.sim/sim_1/behav/glbl.v" into library xil_defaultlib
INFO: [VRFC 10-311] analyzing module glbl
