Vivado Simulator v2024.2.2
Copyright 1986-2022 Xilinx, Inc. All Rights Reserved.
Copyright 2022-2024 Advanced Micro Devices, Inc. All Rights Reserved.
Running: C:/Users/Xilinx/Vivado/2024.2/bin/unwrapped/win64.o/xelab.exe --incr --debug typical --relax --mt 2 -L xil_defaultlib -L unisims_ver -L unimacro_ver -L secureip --snapshot tb_vector_datapath_behav xil_defaultlib.tb_vector_datapath xil_defaultlib.glbl -log elaborate.log 
Using 2 slave threads.
Starting static elaboration
Pass Through NonSizing Optimizer
Completed static elaboration
Starting simulation data flow analysis
Completed simulation data flow analysis
Time Resolution for simulation is 1ps
Compiling module xil_defaultlib.vector_decoder
Compiling module xil_defaultlib.vector_controller
Compiling module xil_defaultlib.vlsu
Compiling module xil_defaultlib.MUX2x1_v
Compiling module xil_defaultlib.vregFile
Compiling module xil_defaultlib.accelerator
Compiling module xil_defaultlib.vector_datapath
Compiling module xil_defaultlib.tb_vector_datapath
Compiling module xil_defaultlib.glbl
Built simulation snapshot tb_vector_datapath_behav
