INFO: [VRFC 10-2263] Analyzing Verilog file "D:/RISCV/RISCV_NEW/RISCV_NEW.srcs/sources_1/imports/RISC-V Cube/MUX.v" into library xil_defaultlib
INFO: [VRFC 10-311] analyzing module MUX2x1
WARNING: [VRFC 10-9336] redeclaration of ANSI port 'out' is not allowed [D:/RISCV/RISCV_NEW/RISCV_NEW.srcs/sources_1/imports/RISC-V Cube/MUX.v:10]
INFO: [VRFC 10-311] analyzing module MUX2x1_v
WARNING: [VRFC 10-9336] redeclaration of ANSI port 'out' is not allowed [D:/RISCV/RISCV_NEW/RISCV_NEW.srcs/sources_1/imports/RISC-V Cube/MUX.v:28]
INFO: [VRFC 10-311] analyzing module MUX4x1
WARNING: [VRFC 10-9336] redeclaration of ANSI port 'out' is not allowed [D:/RISCV/RISCV_NEW/RISCV_NEW.srcs/sources_1/imports/RISC-V Cube/MUX.v:48]
INFO: [VRFC 10-2263] Analyzing Verilog file "D:/RISCV/RISCV_NEW/RISCV_NEW.srcs/sources_1/imports/RISC-V Cube/vec_mult.v" into library xil_defaultlib
INFO: [VRFC 10-311] analyzing module accelerator
INFO: [VRFC 10-2263] Analyzing Verilog file "D:/RISCV/RISCV_NEW/RISCV_NEW.srcs/sources_1/new/vector_controller.v" into library xil_defaultlib
INFO: [VRFC 10-311] analyzing module vector_controller
INFO: [VRFC 10-2263] Analyzing Verilog file "D:/RISCV/RISCV_NEW/RISCV_NEW.srcs/sources_1/imports/RISC-V Cube/vector_datapath.v" into library xil_defaultlib
INFO: [VRFC 10-311] analyzing module vector_datapath
INFO: [VRFC 10-2263] Analyzing Verilog file "D:/RISCV/RISCV_NEW/RISCV_NEW.srcs/sources_1/new/vector_decoder.v" into library xil_defaultlib
INFO: [VRFC 10-311] analyzing module vector_decoder
INFO: [VRFC 10-2263] Analyzing Verilog file "D:/RISCV/RISCV_NEW/RISCV_NEW.srcs/sources_1/new/vlsu.v" into library xil_defaultlib
INFO: [VRFC 10-311] analyzing module vlsu
INFO: [VRFC 10-2263] Analyzing Verilog file "D:/RISCV/RISCV_NEW/RISCV_NEW.srcs/sources_1/imports/RISC-V Cube/vregfile.v" into library xil_defaultlib
INFO: [VRFC 10-311] analyzing module vregFile
INFO: [VRFC 10-2263] Analyzing Verilog file "D:/RISCV/RISCV_NEW/RISCV_NEW.srcs/sim_1/new/tb.v" into library xil_defaultlib
INFO: [VRFC 10-311] analyzing module tb_vector_datapath
